<?xml version="1.0" encoding="UTF-8"?>
<testsuite xmlns:xsi="http://www.w3.org/2001/XMLSchema-instance" xsi:noNamespaceSchemaLocation="https://maven.apache.org/surefire/maven-surefire-plugin/xsd/surefire-test-report-3.0.xsd" version="3.0" name="runner.RunCucumberTest" time="54.869" tests="2" errors="0" skipped="0" failures="1">
  <properties>
    <property name="gopherProxySet" value="false"/>
    <property name="awt.toolkit" value="sun.lwawt.macosx.LWCToolkit"/>
    <property name="file.encoding.pkg" value="sun.io"/>
    <property name="java.specification.version" value="1.8"/>
    <property name="webdriver.chrome.driver" value="/Users/testinium/.cache/selenium/chromedriver/mac64/109.0.5414.74/chromedriver"/>
    <property name="sun.cpu.isalist" value=""/>
    <property name="sun.jnu.encoding" value="UTF-8"/>
    <property name="java.class.path" value="/Users/testinium/Downloads/CucumberWebJVM/target/test-classes:/Users/testinium/Downloads/CucumberWebJVM/target/classes:/Users/testinium/.m2/repository/io/cucumber/cucumber-java/7.3.4/cucumber-java-7.3.4.jar:/Users/testinium/.m2/repository/io/cucumber/cucumber-core/7.3.4/cucumber-core-7.3.4.jar:/Users/testinium/.m2/repository/io/cucumber/cucumber-gherkin/7.3.4/cucumber-gherkin-7.3.4.jar:/Users/testinium/.m2/repository/io/cucumber/cucumber-gherkin-messages/7.3.4/cucumber-gherkin-messages-7.3.4.jar:/Users/testinium/.m2/repository/io/cucumber/gherkin/23.0.1/gherkin-23.0.1.jar:/Users/testinium/.m2/repository/io/cucumber/messages/18.0.0/messages-18.0.0.jar:/Users/testinium/.m2/repository/io/cucumber/tag-expressions/4.1.0/tag-expressions-4.1.0.jar:/Users/testinium/.m2/repository/io/cucumber/cucumber-expressions/15.1.1/cucumber-expressions-15.1.1.jar:/Users/testinium/.m2/repository/io/cucumber/datatable/7.3.4/datatable-7.3.4.jar:/Users/testinium/.m2/repository/io/cucumber/cucumber-plugin/7.3.4/cucumber-plugin-7.3.4.jar:/Users/testinium/.m2/repository/io/cucumber/docstring/7.3.4/docstring-7.3.4.jar:/Users/testinium/.m2/repository/io/cucumber/html-formatter/19.1.0/html-formatter-19.1.0.jar:/Users/testinium/.m2/repository/io/cucumber/ci-environment/9.0.4/ci-environment-9.0.4.jar:/Users/testinium/.m2/repository/org/apiguardian/apiguardian-api/1.1.2/apiguardian-api-1.1.2.jar:/Users/testinium/.m2/repository/io/cucumber/cucumber-junit/7.3.4/cucumber-junit-7.3.4.jar:/Users/testinium/.m2/repository/junit/junit/4.13.2/junit-4.13.2.jar:/Users/testinium/.m2/repository/org/hamcrest/hamcrest-core/1.3/hamcrest-core-1.3.jar:/Users/testinium/.m2/repository/org/hamcrest/hamcrest-all/1.3/hamcrest-all-1.3.jar:/Users/testinium/.m2/repository/net/masterthought/maven-cucumber-reporting/3.2.0/maven-cucumber-reporting-3.2.0.jar:/Users/testinium/.m2/repository/org/apache/maven/maven-plugin-api/3.3.9/maven-plugin-api-3.3.9.jar:/Users/testinium/.m2/repository/org/apache/maven/maven-model/3.3.9/maven-model-3.3.9.jar:/Users/testinium/.m2/repository/org/apache/maven/maven-artifact/3.3.9/maven-artifact-3.3.9.jar:/Users/testinium/.m2/repository/org/eclipse/sisu/org.eclipse.sisu.plexus/0.3.2/org.eclipse.sisu.plexus-0.3.2.jar:/Users/testinium/.m2/repository/javax/enterprise/cdi-api/1.0/cdi-api-1.0.jar:/Users/testinium/.m2/repository/javax/annotation/jsr250-api/1.0/jsr250-api-1.0.jar:/Users/testinium/.m2/repository/javax/inject/javax.inject/1/javax.inject-1.jar:/Users/testinium/.m2/repository/org/eclipse/sisu/org.eclipse.sisu.inject/0.3.2/org.eclipse.sisu.inject-0.3.2.jar:/Users/testinium/.m2/repository/org/codehaus/plexus/plexus-component-annotations/1.5.5/plexus-component-annotations-1.5.5.jar:/Users/testinium/.m2/repository/org/codehaus/plexus/plexus-classworlds/2.5.2/plexus-classworlds-2.5.2.jar:/Users/testinium/.m2/repository/org/apache/maven/plugins/maven-gpg-plugin/1.6/maven-gpg-plugin-1.6.jar:/Users/testinium/.m2/repository/org/apache/maven/maven-project/2.2.1/maven-project-2.2.1.jar:/Users/testinium/.m2/repository/org/apache/maven/maven-settings/2.2.1/maven-settings-2.2.1.jar:/Users/testinium/.m2/repository/org/apache/maven/maven-profile/2.2.1/maven-profile-2.2.1.jar:/Users/testinium/.m2/repository/org/apache/maven/maven-artifact-manager/2.2.1/maven-artifact-manager-2.2.1.jar:/Users/testinium/.m2/repository/org/apache/maven/wagon/wagon-provider-api/1.0-beta-6/wagon-provider-api-1.0-beta-6.jar:/Users/testinium/.m2/repository/backport-util-concurrent/backport-util-concurrent/3.1/backport-util-concurrent-3.1.jar:/Users/testinium/.m2/repository/org/apache/maven/maven-plugin-registry/2.2.1/maven-plugin-registry-2.2.1.jar:/Users/testinium/.m2/repository/org/codehaus/plexus/plexus-interpolation/1.11/plexus-interpolation-1.11.jar:/Users/testinium/.m2/repository/org/codehaus/plexus/plexus-container-default/1.0-alpha-9-stable-1/plexus-container-default-1.0-alpha-9-stable-1.jar:/Users/testinium/.m2/repository/classworlds/classworlds/1.1-alpha-2/classworlds-1.1-alpha-2.jar:/Users/testinium/.m2/repository/org/apache/maven/maven-repository-metadata/2.2.1/maven-repository-metadata-2.2.1.jar:/Users/testinium/.m2/repository/org/codehaus/plexus/plexus-utils/3.0.20/plexus-utils-3.0.20.jar:/Users/testinium/.m2/repository/org/sonatype/plexus/plexus-sec-dispatcher/1.4/plexus-sec-dispatcher-1.4.jar:/Users/testinium/.m2/repository/org/sonatype/plexus/plexus-cipher/1.4/plexus-cipher-1.4.jar:/Users/testinium/.m2/repository/net/masterthought/cucumber-reporting/3.2.0/cucumber-reporting-3.2.0.jar:/Users/testinium/.m2/repository/org/apache/logging/log4j/log4j-api/2.7/log4j-api-2.7.jar:/Users/testinium/.m2/repository/org/apache/logging/log4j/log4j-core/2.7/log4j-core-2.7.jar:/Users/testinium/.m2/repository/com/fasterxml/jackson/core/jackson-databind/2.8.3/jackson-databind-2.8.3.jar:/Users/testinium/.m2/repository/com/fasterxml/jackson/core/jackson-annotations/2.8.0/jackson-annotations-2.8.0.jar:/Users/testinium/.m2/repository/com/fasterxml/jackson/core/jackson-core/2.8.3/jackson-core-2.8.3.jar:/Users/testinium/.m2/repository/org/apache/velocity/velocity/1.7/velocity-1.7.jar:/Users/testinium/.m2/repository/commons-collections/commons-collections/3.2.1/commons-collections-3.2.1.jar:/Users/testinium/.m2/repository/commons-lang/commons-lang/2.4/commons-lang-2.4.jar:/Users/testinium/.m2/repository/velocity-tools/velocity-tools/1.4/velocity-tools-1.4.jar:/Users/testinium/.m2/repository/joda-time/joda-time/2.9.4/joda-time-2.9.4.jar:/Users/testinium/.m2/repository/commons-io/commons-io/2.5/commons-io-2.5.jar:/Users/testinium/.m2/repository/net/lingala/zip4j/zip4j/1.3.2/zip4j-1.3.2.jar:/Users/testinium/.m2/repository/org/jsoup/jsoup/1.9.2/jsoup-1.9.2.jar:/Users/testinium/.m2/repository/io/github/bonigarcia/webdrivermanager/5.3.2/webdrivermanager-5.3.2.jar:/Users/testinium/.m2/repository/org/slf4j/slf4j-api/2.0.6/slf4j-api-2.0.6.jar:/Users/testinium/.m2/repository/com/google/code/gson/gson/2.10.1/gson-2.10.1.jar:/Users/testinium/.m2/repository/com/github/docker-java/docker-java/3.2.14/docker-java-3.2.14.jar:/Users/testinium/.m2/repository/com/github/docker-java/docker-java-core/3.2.14/docker-java-core-3.2.14.jar:/Users/testinium/.m2/repository/com/github/docker-java/docker-java-api/3.2.14/docker-java-api-3.2.14.jar:/Users/testinium/.m2/repository/org/apache/commons/commons-compress/1.21/commons-compress-1.21.jar:/Users/testinium/.m2/repository/org/bouncycastle/bcpkix-jdk15on/1.64/bcpkix-jdk15on-1.64.jar:/Users/testinium/.m2/repository/org/bouncycastle/bcprov-jdk15on/1.64/bcprov-jdk15on-1.64.jar:/Users/testinium/.m2/repository/org/slf4j/jcl-over-slf4j/1.7.30/jcl-over-slf4j-1.7.30.jar:/Users/testinium/.m2/repository/com/github/docker-java/docker-java-transport-httpclient5/3.2.14/docker-java-transport-httpclient5-3.2.14.jar:/Users/testinium/.m2/repository/com/github/docker-java/docker-java-transport/3.2.14/docker-java-transport-3.2.14.jar:/Users/testinium/.m2/repository/net/java/dev/jna/jna/5.12.1/jna-5.12.1.jar:/Users/testinium/.m2/repository/org/brotli/dec/0.1.2/dec-0.1.2.jar:/Users/testinium/.m2/repository/org/apache/commons/commons-lang3/3.12.0/commons-lang3-3.12.0.jar:/Users/testinium/.m2/repository/org/apache/httpcomponents/client5/httpclient5/5.2.1/httpclient5-5.2.1.jar:/Users/testinium/.m2/repository/org/apache/httpcomponents/core5/httpcore5/5.2/httpcore5-5.2.jar:/Users/testinium/.m2/repository/org/apache/httpcomponents/core5/httpcore5-h2/5.2/httpcore5-h2-5.2.jar:/Users/testinium/.m2/repository/org/seleniumhq/selenium/selenium-java/3.141.59/selenium-java-3.141.59.jar:/Users/testinium/.m2/repository/org/seleniumhq/selenium/selenium-api/3.141.59/selenium-api-3.141.59.jar:/Users/testinium/.m2/repository/org/seleniumhq/selenium/selenium-chrome-driver/3.141.59/selenium-chrome-driver-3.141.59.jar:/Users/testinium/.m2/repository/org/seleniumhq/selenium/selenium-edge-driver/3.141.59/selenium-edge-driver-3.141.59.jar:/Users/testinium/.m2/repository/org/seleniumhq/selenium/selenium-firefox-driver/3.141.59/selenium-firefox-driver-3.141.59.jar:/Users/testinium/.m2/repository/org/seleniumhq/selenium/selenium-ie-driver/3.141.59/selenium-ie-driver-3.141.59.jar:/Users/testinium/.m2/repository/org/seleniumhq/selenium/selenium-opera-driver/3.141.59/selenium-opera-driver-3.141.59.jar:/Users/testinium/.m2/repository/org/seleniumhq/selenium/selenium-remote-driver/3.141.59/selenium-remote-driver-3.141.59.jar:/Users/testinium/.m2/repository/org/seleniumhq/selenium/selenium-safari-driver/3.141.59/selenium-safari-driver-3.141.59.jar:/Users/testinium/.m2/repository/org/seleniumhq/selenium/selenium-support/3.141.59/selenium-support-3.141.59.jar:/Users/testinium/.m2/repository/net/bytebuddy/byte-buddy/1.8.15/byte-buddy-1.8.15.jar:/Users/testinium/.m2/repository/org/apache/commons/commons-exec/1.3/commons-exec-1.3.jar:/Users/testinium/.m2/repository/com/google/guava/guava/25.0-jre/guava-25.0-jre.jar:/Users/testinium/.m2/repository/com/google/code/findbugs/jsr305/1.3.9/jsr305-1.3.9.jar:/Users/testinium/.m2/repository/org/checkerframework/checker-compat-qual/2.0.0/checker-compat-qual-2.0.0.jar:/Users/testinium/.m2/repository/com/google/errorprone/error_prone_annotations/2.1.3/error_prone_annotations-2.1.3.jar:/Users/testinium/.m2/repository/com/google/j2objc/j2objc-annotations/1.1/j2objc-annotations-1.1.jar:/Users/testinium/.m2/repository/org/codehaus/mojo/animal-sniffer-annotations/1.14/animal-sniffer-annotations-1.14.jar:/Users/testinium/.m2/repository/com/squareup/okhttp3/okhttp/3.11.0/okhttp-3.11.0.jar:/Users/testinium/.m2/repository/com/squareup/okio/okio/1.14.0/okio-1.14.0.jar:/Users/testinium/.m2/repository/org/junit/jupiter/junit-jupiter-api/5.9.1/junit-jupiter-api-5.9.1.jar:/Users/testinium/.m2/repository/org/opentest4j/opentest4j/1.2.0/opentest4j-1.2.0.jar:/Users/testinium/.m2/repository/org/junit/platform/junit-platform-commons/1.9.1/junit-platform-commons-1.9.1.jar:/Users/testinium/.m2/repository/org/mongodb/mongodb-driver/3.8.2/mongodb-driver-3.8.2.jar:/Users/testinium/.m2/repository/org/mongodb/bson/3.8.2/bson-3.8.2.jar:/Users/testinium/.m2/repository/org/mongodb/mongodb-driver-core/3.8.2/mongodb-driver-core-3.8.2.jar:"/>
    <property name="java.vm.vendor" value="Oracle Corporation"/>
    <property name="sun.arch.data.model" value="64"/>
    <property name="java.vendor.url" value="http://java.oracle.com/"/>
    <property name="user.timezone" value="Europe/Istanbul"/>
    <property name="java.vm.specification.version" value="1.8"/>
    <property name="os.name" value="Mac OS X"/>
    <property name="testID" value="1222"/>
    <property name="user.country" value="TR"/>
    <property name="sun.java.launcher" value="SUN_STANDARD"/>
    <property name="sun.boot.library.path" value="/Library/Java/JavaVirtualMachines/jdk1.8.0_202.jdk/Contents/Home/jre/lib"/>
    <property name="sun.java.command" value="/Users/testinium/Downloads/CucumberWebJVM/target/surefire/surefirebooter7271963031061038591.jar /Users/testinium/Downloads/CucumberWebJVM/target/surefire 2023-02-04T17-12-41_881-jvmRun1 surefire4037904483290169631tmp surefire_02271015766458431148tmp"/>
    <property name="http.nonProxyHosts" value="local|*.local|169.254/16|*.169.254/16"/>
    <property name="surefire.test.class.path" value="/Users/testinium/Downloads/CucumberWebJVM/target/test-classes:/Users/testinium/Downloads/CucumberWebJVM/target/classes:/Users/testinium/.m2/repository/io/cucumber/cucumber-java/7.3.4/cucumber-java-7.3.4.jar:/Users/testinium/.m2/repository/io/cucumber/cucumber-core/7.3.4/cucumber-core-7.3.4.jar:/Users/testinium/.m2/repository/io/cucumber/cucumber-gherkin/7.3.4/cucumber-gherkin-7.3.4.jar:/Users/testinium/.m2/repository/io/cucumber/cucumber-gherkin-messages/7.3.4/cucumber-gherkin-messages-7.3.4.jar:/Users/testinium/.m2/repository/io/cucumber/gherkin/23.0.1/gherkin-23.0.1.jar:/Users/testinium/.m2/repository/io/cucumber/messages/18.0.0/messages-18.0.0.jar:/Users/testinium/.m2/repository/io/cucumber/tag-expressions/4.1.0/tag-expressions-4.1.0.jar:/Users/testinium/.m2/repository/io/cucumber/cucumber-expressions/15.1.1/cucumber-expressions-15.1.1.jar:/Users/testinium/.m2/repository/io/cucumber/datatable/7.3.4/datatable-7.3.4.jar:/Users/testinium/.m2/repository/io/cucumber/cucumber-plugin/7.3.4/cucumber-plugin-7.3.4.jar:/Users/testinium/.m2/repository/io/cucumber/docstring/7.3.4/docstring-7.3.4.jar:/Users/testinium/.m2/repository/io/cucumber/html-formatter/19.1.0/html-formatter-19.1.0.jar:/Users/testinium/.m2/repository/io/cucumber/ci-environment/9.0.4/ci-environment-9.0.4.jar:/Users/testinium/.m2/repository/org/apiguardian/apiguardian-api/1.1.2/apiguardian-api-1.1.2.jar:/Users/testinium/.m2/repository/io/cucumber/cucumber-junit/7.3.4/cucumber-junit-7.3.4.jar:/Users/testinium/.m2/repository/junit/junit/4.13.2/junit-4.13.2.jar:/Users/testinium/.m2/repository/org/hamcrest/hamcrest-core/1.3/hamcrest-core-1.3.jar:/Users/testinium/.m2/repository/org/hamcrest/hamcrest-all/1.3/hamcrest-all-1.3.jar:/Users/testinium/.m2/repository/net/masterthought/maven-cucumber-reporting/3.2.0/maven-cucumber-reporting-3.2.0.jar:/Users/testinium/.m2/repository/org/apache/maven/maven-plugin-api/3.3.9/maven-plugin-api-3.3.9.jar:/Users/testinium/.m2/repository/org/apache/maven/maven-model/3.3.9/maven-model-3.3.9.jar:/Users/testinium/.m2/repository/org/apache/maven/maven-artifact/3.3.9/maven-artifact-3.3.9.jar:/Users/testinium/.m2/repository/org/eclipse/sisu/org.eclipse.sisu.plexus/0.3.2/org.eclipse.sisu.plexus-0.3.2.jar:/Users/testinium/.m2/repository/javax/enterprise/cdi-api/1.0/cdi-api-1.0.jar:/Users/testinium/.m2/repository/javax/annotation/jsr250-api/1.0/jsr250-api-1.0.jar:/Users/testinium/.m2/repository/javax/inject/javax.inject/1/javax.inject-1.jar:/Users/testinium/.m2/repository/org/eclipse/sisu/org.eclipse.sisu.inject/0.3.2/org.eclipse.sisu.inject-0.3.2.jar:/Users/testinium/.m2/repository/org/codehaus/plexus/plexus-component-annotations/1.5.5/plexus-component-annotations-1.5.5.jar:/Users/testinium/.m2/repository/org/codehaus/plexus/plexus-classworlds/2.5.2/plexus-classworlds-2.5.2.jar:/Users/testinium/.m2/repository/org/apache/maven/plugins/maven-gpg-plugin/1.6/maven-gpg-plugin-1.6.jar:/Users/testinium/.m2/repository/org/apache/maven/maven-project/2.2.1/maven-project-2.2.1.jar:/Users/testinium/.m2/repository/org/apache/maven/maven-settings/2.2.1/maven-settings-2.2.1.jar:/Users/testinium/.m2/repository/org/apache/maven/maven-profile/2.2.1/maven-profile-2.2.1.jar:/Users/testinium/.m2/repository/org/apache/maven/maven-artifact-manager/2.2.1/maven-artifact-manager-2.2.1.jar:/Users/testinium/.m2/repository/org/apache/maven/wagon/wagon-provider-api/1.0-beta-6/wagon-provider-api-1.0-beta-6.jar:/Users/testinium/.m2/repository/backport-util-concurrent/backport-util-concurrent/3.1/backport-util-concurrent-3.1.jar:/Users/testinium/.m2/repository/org/apache/maven/maven-plugin-registry/2.2.1/maven-plugin-registry-2.2.1.jar:/Users/testinium/.m2/repository/org/codehaus/plexus/plexus-interpolation/1.11/plexus-interpolation-1.11.jar:/Users/testinium/.m2/repository/org/codehaus/plexus/plexus-container-default/1.0-alpha-9-stable-1/plexus-container-default-1.0-alpha-9-stable-1.jar:/Users/testinium/.m2/repository/classworlds/classworlds/1.1-alpha-2/classworlds-1.1-alpha-2.jar:/Users/testinium/.m2/repository/org/apache/maven/maven-repository-metadata/2.2.1/maven-repository-metadata-2.2.1.jar:/Users/testinium/.m2/repository/org/codehaus/plexus/plexus-utils/3.0.20/plexus-utils-3.0.20.jar:/Users/testinium/.m2/repository/org/sonatype/plexus/plexus-sec-dispatcher/1.4/plexus-sec-dispatcher-1.4.jar:/Users/testinium/.m2/repository/org/sonatype/plexus/plexus-cipher/1.4/plexus-cipher-1.4.jar:/Users/testinium/.m2/repository/net/masterthought/cucumber-reporting/3.2.0/cucumber-reporting-3.2.0.jar:/Users/testinium/.m2/repository/org/apache/logging/log4j/log4j-api/2.7/log4j-api-2.7.jar:/Users/testinium/.m2/repository/org/apache/logging/log4j/log4j-core/2.7/log4j-core-2.7.jar:/Users/testinium/.m2/repository/com/fasterxml/jackson/core/jackson-databind/2.8.3/jackson-databind-2.8.3.jar:/Users/testinium/.m2/repository/com/fasterxml/jackson/core/jackson-annotations/2.8.0/jackson-annotations-2.8.0.jar:/Users/testinium/.m2/repository/com/fasterxml/jackson/core/jackson-core/2.8.3/jackson-core-2.8.3.jar:/Users/testinium/.m2/repository/org/apache/velocity/velocity/1.7/velocity-1.7.jar:/Users/testinium/.m2/repository/commons-collections/commons-collections/3.2.1/commons-collections-3.2.1.jar:/Users/testinium/.m2/repository/commons-lang/commons-lang/2.4/commons-lang-2.4.jar:/Users/testinium/.m2/repository/velocity-tools/velocity-tools/1.4/velocity-tools-1.4.jar:/Users/testinium/.m2/repository/joda-time/joda-time/2.9.4/joda-time-2.9.4.jar:/Users/testinium/.m2/repository/commons-io/commons-io/2.5/commons-io-2.5.jar:/Users/testinium/.m2/repository/net/lingala/zip4j/zip4j/1.3.2/zip4j-1.3.2.jar:/Users/testinium/.m2/repository/org/jsoup/jsoup/1.9.2/jsoup-1.9.2.jar:/Users/testinium/.m2/repository/io/github/bonigarcia/webdrivermanager/5.3.2/webdrivermanager-5.3.2.jar:/Users/testinium/.m2/repository/org/slf4j/slf4j-api/2.0.6/slf4j-api-2.0.6.jar:/Users/testinium/.m2/repository/com/google/code/gson/gson/2.10.1/gson-2.10.1.jar:/Users/testinium/.m2/repository/com/github/docker-java/docker-java/3.2.14/docker-java-3.2.14.jar:/Users/testinium/.m2/repository/com/github/docker-java/docker-java-core/3.2.14/docker-java-core-3.2.14.jar:/Users/testinium/.m2/repository/com/github/docker-java/docker-java-api/3.2.14/docker-java-api-3.2.14.jar:/Users/testinium/.m2/repository/org/apache/commons/commons-compress/1.21/commons-compress-1.21.jar:/Users/testinium/.m2/repository/org/bouncycastle/bcpkix-jdk15on/1.64/bcpkix-jdk15on-1.64.jar:/Users/testinium/.m2/repository/org/bouncycastle/bcprov-jdk15on/1.64/bcprov-jdk15on-1.64.jar:/Users/testinium/.m2/repository/org/slf4j/jcl-over-slf4j/1.7.30/jcl-over-slf4j-1.7.30.jar:/Users/testinium/.m2/repository/com/github/docker-java/docker-java-transport-httpclient5/3.2.14/docker-java-transport-httpclient5-3.2.14.jar:/Users/testinium/.m2/repository/com/github/docker-java/docker-java-transport/3.2.14/docker-java-transport-3.2.14.jar:/Users/testinium/.m2/repository/net/java/dev/jna/jna/5.12.1/jna-5.12.1.jar:/Users/testinium/.m2/repository/org/brotli/dec/0.1.2/dec-0.1.2.jar:/Users/testinium/.m2/repository/org/apache/commons/commons-lang3/3.12.0/commons-lang3-3.12.0.jar:/Users/testinium/.m2/repository/org/apache/httpcomponents/client5/httpclient5/5.2.1/httpclient5-5.2.1.jar:/Users/testinium/.m2/repository/org/apache/httpcomponents/core5/httpcore5/5.2/httpcore5-5.2.jar:/Users/testinium/.m2/repository/org/apache/httpcomponents/core5/httpcore5-h2/5.2/httpcore5-h2-5.2.jar:/Users/testinium/.m2/repository/org/seleniumhq/selenium/selenium-java/3.141.59/selenium-java-3.141.59.jar:/Users/testinium/.m2/repository/org/seleniumhq/selenium/selenium-api/3.141.59/selenium-api-3.141.59.jar:/Users/testinium/.m2/repository/org/seleniumhq/selenium/selenium-chrome-driver/3.141.59/selenium-chrome-driver-3.141.59.jar:/Users/testinium/.m2/repository/org/seleniumhq/selenium/selenium-edge-driver/3.141.59/selenium-edge-driver-3.141.59.jar:/Users/testinium/.m2/repository/org/seleniumhq/selenium/selenium-firefox-driver/3.141.59/selenium-firefox-driver-3.141.59.jar:/Users/testinium/.m2/repository/org/seleniumhq/selenium/selenium-ie-driver/3.141.59/selenium-ie-driver-3.141.59.jar:/Users/testinium/.m2/repository/org/seleniumhq/selenium/selenium-opera-driver/3.141.59/selenium-opera-driver-3.141.59.jar:/Users/testinium/.m2/repository/org/seleniumhq/selenium/selenium-remote-driver/3.141.59/selenium-remote-driver-3.141.59.jar:/Users/testinium/.m2/repository/org/seleniumhq/selenium/selenium-safari-driver/3.141.59/selenium-safari-driver-3.141.59.jar:/Users/testinium/.m2/repository/org/seleniumhq/selenium/selenium-support/3.141.59/selenium-support-3.141.59.jar:/Users/testinium/.m2/repository/net/bytebuddy/byte-buddy/1.8.15/byte-buddy-1.8.15.jar:/Users/testinium/.m2/repository/org/apache/commons/commons-exec/1.3/commons-exec-1.3.jar:/Users/testinium/.m2/repository/com/google/guava/guava/25.0-jre/guava-25.0-jre.jar:/Users/testinium/.m2/repository/com/google/code/findbugs/jsr305/1.3.9/jsr305-1.3.9.jar:/Users/testinium/.m2/repository/org/checkerframework/checker-compat-qual/2.0.0/checker-compat-qual-2.0.0.jar:/Users/testinium/.m2/repository/com/google/errorprone/error_prone_annotations/2.1.3/error_prone_annotations-2.1.3.jar:/Users/testinium/.m2/repository/com/google/j2objc/j2objc-annotations/1.1/j2objc-annotations-1.1.jar:/Users/testinium/.m2/repository/org/codehaus/mojo/animal-sniffer-annotations/1.14/animal-sniffer-annotations-1.14.jar:/Users/testinium/.m2/repository/com/squareup/okhttp3/okhttp/3.11.0/okhttp-3.11.0.jar:/Users/testinium/.m2/repository/com/squareup/okio/okio/1.14.0/okio-1.14.0.jar:/Users/testinium/.m2/repository/org/junit/jupiter/junit-jupiter-api/5.9.1/junit-jupiter-api-5.9.1.jar:/Users/testinium/.m2/repository/org/opentest4j/opentest4j/1.2.0/opentest4j-1.2.0.jar:/Users/testinium/.m2/repository/org/junit/platform/junit-platform-commons/1.9.1/junit-platform-commons-1.9.1.jar:/Users/testinium/.m2/repository/org/mongodb/mongodb-driver/3.8.2/mongodb-driver-3.8.2.jar:/Users/testinium/.m2/repository/org/mongodb/bson/3.8.2/bson-3.8.2.jar:/Users/testinium/.m2/repository/org/mongodb/mongodb-driver-core/3.8.2/mongodb-driver-core-3.8.2.jar:"/>
    <property name="sun.cpu.endian" value="little"/>
    <property name="user.home" value="/Users/testinium"/>
    <property name="user.language" value="tr"/>
    <property name="java.specification.vendor" value="Oracle Corporation"/>
    <property name="java.home" value="/Library/Java/JavaVirtualMachines/jdk1.8.0_202.jdk/Contents/Home/jre"/>
    <property name="basedir" value="/Users/testinium/Downloads/CucumberWebJVM"/>
    <property name="file.separator" value="/"/>
    <property name="line.separator" value="&#10;"/>
    <property name="java.vm.specification.vendor" value="Oracle Corporation"/>
    <property name="java.specification.name" value="Java Platform API Specification"/>
    <property name="java.awt.graphicsenv" value="sun.awt.CGraphicsEnvironment"/>
    <property name="surefire.real.class.path" value="/Users/testinium/Downloads/CucumberWebJVM/target/surefire/surefirebooter7271963031061038591.jar"/>
    <property name="sun.boot.class.path" value="/Library/Java/JavaVirtualMachines/jdk1.8.0_202.jdk/Contents/Home/jre/lib/resources.jar:/Library/Java/JavaVirtualMachines/jdk1.8.0_202.jdk/Contents/Home/jre/lib/rt.jar:/Library/Java/JavaVirtualMachines/jdk1.8.0_202.jdk/Contents/Home/jre/lib/sunrsasign.jar:/Library/Java/JavaVirtualMachines/jdk1.8.0_202.jdk/Contents/Home/jre/lib/jsse.jar:/Library/Java/JavaVirtualMachines/jdk1.8.0_202.jdk/Contents/Home/jre/lib/jce.jar:/Library/Java/JavaVirtualMachines/jdk1.8.0_202.jdk/Contents/Home/jre/lib/charsets.jar:/Library/Java/JavaVirtualMachines/jdk1.8.0_202.jdk/Contents/Home/jre/lib/jfr.jar:/Library/Java/JavaVirtualMachines/jdk1.8.0_202.jdk/Contents/Home/jre/classes"/>
    <property name="sun.management.compiler" value="HotSpot 64-Bit Tiered Compilers"/>
    <property name="ftp.nonProxyHosts" value="local|*.local|169.254/16|*.169.254/16"/>
    <property name="java.runtime.version" value="1.8.0_202-b08"/>
    <property name="user.name" value="testinium"/>
    <property name="path.separator" value=":"/>
    <property name="os.version" value="10.16"/>
    <property name="java.endorsed.dirs" value="/Library/Java/JavaVirtualMachines/jdk1.8.0_202.jdk/Contents/Home/jre/lib/endorsed"/>
    <property name="java.runtime.name" value="Java(TM) SE Runtime Environment"/>
    <property name="file.encoding" value="UTF-8"/>
    <property name="java.vm.name" value="Java HotSpot(TM) 64-Bit Server VM"/>
    <property name="localRepository" value="/Users/testinium/.m2/repository"/>
    <property name="java.vendor.url.bug" value="http://bugreport.sun.com/bugreport/"/>
    <property name="java.io.tmpdir" value="/var/folders/fn/_ddp75wn4l952tmtsklcm6jm0000gn/T/"/>
    <property name="java.version" value="1.8.0_202"/>
    <property name="user.dir" value="/Users/testinium/Downloads/CucumberWebJVM"/>
    <property name="os.arch" value="x86_64"/>
    <property name="java.vm.specification.name" value="Java Virtual Machine Specification"/>
    <property name="java.awt.printerjob" value="sun.lwawt.macosx.CPrinterJob"/>
    <property name="sun.os.patch.level" value="unknown"/>
    <property name="java.library.path" value="/Users/testinium/Library/Java/Extensions:/Library/Java/Extensions:/Network/Library/Java/Extensions:/System/Library/Java/Extensions:/usr/lib/java:."/>
    <property name="java.vm.info" value="mixed mode"/>
    <property name="java.vendor" value="Oracle Corporation"/>
    <property name="java.vm.version" value="25.202-b08"/>
    <property name="java.ext.dirs" value="/Users/testinium/Library/Java/Extensions:/Library/Java/JavaVirtualMachines/jdk1.8.0_202.jdk/Contents/Home/jre/lib/ext:/Library/Java/Extensions:/Network/Library/Java/Extensions:/System/Library/Java/Extensions:/usr/lib/java"/>
    <property name="sun.io.unicode.encoding" value="UnicodeBig"/>
    <property name="java.class.version" value="52.0"/>
    <property name="socksNonProxyHosts" value="local|*.local|169.254/16|*.169.254/16"/>
  </properties>
  <testcase name="Ilk Senaryoaaa" classname="Senaryo Ismi" time="39.354">
    <failure type="org.opentest4j.AssertionFailedError"><![CDATA[org.opentest4j.AssertionFailedError: 
]]></failure>
    <system-out><![CDATA[********************** Test basliyor **********************
*-*-*-*-*-*-*-* DB baglantisi basarili *-*-*-*-*-*-*-*
*-*-*-*-*-*-*-* Collection baglantisi basarili *-*-*-*-*-*-*-*
*-*-*-*-*-*-*-*-*-* TEST ID BULUNDU :[1222] *-*-*-*-*-*-*-*-*-*
********************** Driver Setup Ediliyor **********************
********************** Test basariyla basladi **********************
Senaryo birinci adimm
Senaryo ikinci adimm
Senaryo ucuncu adimm
********************** Test sonlandi **********************
********************** Test basarisiz sonlandi **********************
*-*-*-*-*-*-*-* Test sonuclari db ye yazilacak *-*-*-*-*-*-*-*
Document{{id=1222, ScenarioName=Ilk Senaryoaaa, ScenarioStatus=FAILED, ScenarioDeneme=Cengo123, _id=63de680d4a287c5ae29db624}}
*-*-*-*-*-*-*-* Test sonuclari db ye yazildi *-*-*-*-*-*-*-*
********************** Driver sonlandi **********************
]]></system-out>
    <system-err><![CDATA[SLF4J: No SLF4J providers were found.
SLF4J: Defaulting to no-operation (NOP) logger implementation
SLF4J: See https://www.slf4j.org/codes.html#noProviders for further details.
Starting ChromeDriver 109.0.5414.74 (e7c5703604daa9cc128ccf5a5d3e993513758913-refs/branch-heads/5414@{#1172}) on port 22760
Only local connections are allowed.
Please see https://chromedriver.chromium.org/security-considerations for suggestions on keeping ChromeDriver safe.
ChromeDriver was started successfully.
Şub 04, 2023 5:13:28 PM org.openqa.selenium.remote.ProtocolHandshake createSession
INFO: Detected dialect: W3C
]]></system-err>
  </testcase>
  <testcase name="Ikinci Senaryoaaa" classname="Senaryo Ismi" time="9.542">
    <system-out><![CDATA[********************** Driver Setup Ediliyor **********************
********************** Test basariyla basladi **********************
Senaryo birinci adimm
Senaryo ikinci adimm
********************** Test sonlandi **********************
********************** Test basariyla sonlandi **********************
*-*-*-*-*-*-*-* Test sonuclari db ye yazilacak *-*-*-*-*-*-*-*
Document{{id=1222, ScenarioName=Ikinci Senaryoaaa, ScenarioStatus=PASSED, ScenarioDeneme=Cengo123, _id=63de68164a287c5ae29db625}}
*-*-*-*-*-*-*-* Test sonuclari db ye yazildi *-*-*-*-*-*-*-*
********************** Driver sonlandi **********************
]]></system-out>
    <system-err><![CDATA[Starting ChromeDriver 109.0.5414.74 (e7c5703604daa9cc128ccf5a5d3e993513758913-refs/branch-heads/5414@{#1172}) on port 22688
Only local connections are allowed.
Please see https://chromedriver.chromium.org/security-considerations for suggestions on keeping ChromeDriver safe.
ChromeDriver was started successfully.
Şub 04, 2023 5:13:39 PM org.openqa.selenium.remote.ProtocolHandshake createSession
INFO: Detected dialect: W3C
]]></system-err>
  </testcase>
</testsuite>